2016-06-25T07:21:07.944Z - info: [0mGET / [32m200 [0m386.849 ms - 6890[0m

2016-06-25T07:21:07.980Z - info: [0mGET /modules/core/client/css/core.css [32m200 [0m2.173 ms - 715[0m

2016-06-25T07:21:07.998Z - info: [0mGET /modules/users/client/css/users.css [32m200 [0m1.809 ms - 600[0m

2016-06-25T07:21:08.009Z - info: [0mGET /lib/bootstrap/dist/css/bootstrap-theme.css [32m200 [0m44.298 ms - 26132[0m

2016-06-25T07:21:08.057Z - info: [0mGET /lib/bootstrap/dist/css/bootstrap.css [32m200 [0m52.906 ms - 146082[0m

2016-06-25T07:21:08.133Z - info: [0mGET /lib/angular/angular.js [32m200 [0m9.063 ms - 1174125[0m

2016-06-25T07:21:08.158Z - info: [0mGET /lib/angular-messages/angular-messages.js [32m200 [0m14.870 ms - 27897[0m

2016-06-25T07:21:08.168Z - info: [0mGET /lib/angular-resource/angular-resource.js [32m200 [0m15.026 ms - 34965[0m

2016-06-25T07:21:08.173Z - info: [0mGET /lib/angular-animate/angular-animate.js [32m200 [0m27.037 ms - 150696[0m

2016-06-25T07:21:08.191Z - info: [0mGET /lib/angular-bootstrap/ui-bootstrap-tpls.js [32m200 [0m21.870 ms - 262969[0m

2016-06-25T07:21:08.197Z - info: [0mGET /lib/angular-file-upload/dist/angular-file-upload.js [32m200 [0m9.220 ms - 73177[0m

2016-06-25T07:21:08.214Z - info: [0mGET /lib/angular-ui-router/release/angular-ui-router.js [32m200 [0m27.769 ms - 169870[0m

2016-06-25T07:21:08.215Z - info: [0mGET /lib/owasp-password-strength-test/owasp-password-strength-test.js [32m200 [0m22.874 ms - 5412[0m

2016-06-25T07:21:08.220Z - info: [0mGET /modules/core/client/app/config.js [32m200 [0m14.496 ms - 676[0m

2016-06-25T07:21:08.224Z - info: [0mGET /modules/core/client/app/init.js [32m200 [0m3.831 ms - 1458[0m

2016-06-25T07:21:08.235Z - info: [0mGET /modules/core/client/core.client.module.js [32m200 [0m1.453 ms - 251[0m

2016-06-25T07:21:08.251Z - info: [0mGET /modules/users/client/users.client.module.js [32m200 [0m5.633 ms - 385[0m

2016-06-25T07:21:08.252Z - info: [0mGET /modules/core/client/config/core-admin.client.routes.js [32m200 [0m5.698 ms - 383[0m

2016-06-25T07:21:08.255Z - info: [0mGET /modules/core/client/config/core-admin.client.menus.js [32m200 [0m4.698 ms - 318[0m

2016-06-25T07:21:08.315Z - info: [0mGET /modules/core/client/config/core.client.routes.js [32m200 [0m1.688 ms - 1735[0m

2016-06-25T07:21:08.339Z - info: [0mGET /modules/core/client/controllers/header.client.controller.js [32m200 [0m4.486 ms - 662[0m

2016-06-25T07:21:08.348Z - info: [0mGET /modules/core/client/config/core.client.menus.js [32m200 [0m5.080 ms - 905[0m

2016-06-25T07:21:08.354Z - info: [0mGET /modules/core/client/config/core.client.route-filter.js [32m200 [0m14.152 ms - 1833[0m

2016-06-25T07:21:08.358Z - info: [0mGET /modules/core/client/controllers/home.client.controller.js [32m200 [0m6.660 ms - 173[0m

2016-06-25T07:21:08.360Z - info: [0mGET /modules/core/client/directives/page-title.client.directives.js [32m200 [0m7.973 ms - 1119[0m

2016-06-25T07:21:08.373Z - info: [0mGET /modules/core/client/directives/show-errors.client.directives.js [32m200 [0m4.452 ms - 2549[0m

2016-06-25T07:21:08.376Z - info: [0mGET /modules/core/client/services/menu.client.service.js [32m200 [0m5.554 ms - 5721[0m

2016-06-25T07:21:08.378Z - info: [0mGET /modules/core/client/services/interceptors/auth-interceptor.client.service.js [32m200 [0m6.635 ms - 858[0m

2016-06-25T07:21:08.379Z - info: [0mGET /modules/core/client/services/socket.io.client.service.js [32m200 [0m7.555 ms - 1232[0m

2016-06-25T07:21:08.393Z - info: [0mGET /modules/users/client/config/users-admin.client.menus.js [32m200 [0m1.070 ms - 330[0m

2016-06-25T07:21:08.404Z - info: [0mGET /modules/users/client/config/users-admin.client.routes.js [32m200 [0m2.260 ms - 1463[0m

2016-06-25T07:21:08.410Z - info: [0mGET /modules/users/client/config/users.client.routes.js [32m200 [0m3.414 ms - 3986[0m

2016-06-25T07:21:08.416Z - info: [0mGET /modules/users/client/controllers/admin/user.client.controller.js [32m200 [0m6.167 ms - 1156[0m

2016-06-25T07:21:08.418Z - info: [0mGET /modules/users/client/controllers/admin/list-users.client.controller.js [32m200 [0m5.152 ms - 1077[0m

2016-06-25T07:21:08.434Z - info: [0mGET /modules/users/client/controllers/authentication.client.controller.js [32m200 [0m1.175 ms - 2338[0m

2016-06-25T07:21:08.452Z - info: [0mGET /modules/users/client/controllers/password.client.controller.js [32m200 [0m2.781 ms - 2035[0m

2016-06-25T07:21:08.464Z - info: [0mGET /modules/users/client/controllers/settings/change-password.client.controller.js [32m200 [0m2.374 ms - 1099[0m

2016-06-25T07:21:08.475Z - info: [0mGET /modules/users/client/controllers/settings/change-profile-picture.client.controller.js [32m200 [0m1.136 ms - 2448[0m

2016-06-25T07:21:08.488Z - info: [0mGET /modules/users/client/controllers/settings/edit-profile.client.controller.js [32m200 [0m1.468 ms - 975[0m

2016-06-25T07:21:08.499Z - info: [0mGET /modules/users/client/controllers/settings/manage-social-accounts.client.controller.js [32m200 [0m1.910 ms - 1501[0m

2016-06-25T07:21:08.512Z - info: [0mGET /modules/users/client/controllers/settings/settings.client.controller.js [32m200 [0m1.756 ms - 306[0m

2016-06-25T07:21:08.527Z - info: [0mGET /modules/users/client/directives/password-validator.client.directive.js [32m200 [0m3.341 ms - 1741[0m

2016-06-25T07:21:08.536Z - info: [0mGET /modules/users/client/directives/password-verify.client.directive.js [32m200 [0m0.624 ms - 821[0m

2016-06-25T07:21:08.559Z - info: [0mGET /modules/users/client/directives/users.client.directive.js [32m200 [0m2.217 ms - 507[0m

2016-06-25T07:21:08.570Z - info: [0mGET /modules/users/client/services/authentication.client.service.js [32m200 [0m1.157 ms - 324[0m

2016-06-25T07:21:08.580Z - info: [0mGET /modules/users/client/services/password-validator.client.service.js [32m200 [0m1.121 ms - 810[0m

2016-06-25T07:21:08.592Z - info: [0mGET /modules/users/client/services/users.client.service.js [32m200 [0m1.046 ms - 711[0m

2016-06-25T07:21:08.845Z - info: [0mGET /modules/core/client/views/header.client.view.html [32m200 [0m35.630 ms - 2604[0m

2016-06-25T07:21:08.846Z - info: [0mGET /modules/core/client/views/home.client.view.html [32m200 [0m27.114 ms - 3687[0m

2016-06-25T07:21:08.962Z - info: [0mGET /modules/core/client/img/brand/logo.png [32m200 [0m9.931 ms - 14055[0m

2016-06-25T07:21:09.006Z - info: [0mGET /modules/core/client/img/brand/favicon.ico [32m200 [0m1.266 ms - 32038[0m

2016-06-25T07:22:38.073Z - info: [0mGET /modules/users/client/views/authentication/authentication.client.view.html [32m200 [0m22.477 ms - 885[0m

2016-06-25T07:22:38.090Z - info: [0mGET /modules/users/client/views/authentication/signup.client.view.html [32m200 [0m0.713 ms - 3604[0m

2016-06-25T07:22:38.183Z - info: [0mGET /modules/users/client/img/buttons/facebook.png [32m200 [0m0.809 ms - 1024[0m

2016-06-25T07:22:38.204Z - info: [0mGET /modules/users/client/img/buttons/twitter.png [32m200 [0m1.153 ms - 2181[0m

2016-06-25T07:22:38.222Z - info: [0mGET /modules/users/client/img/buttons/google.png [32m200 [0m2.947 ms - 3713[0m

2016-06-25T07:22:38.238Z - info: [0mGET /modules/users/client/img/buttons/linkedin.png [32m200 [0m3.733 ms - 1506[0m

2016-06-25T07:22:38.254Z - info: [0mGET /modules/users/client/img/buttons/github.png [32m200 [0m1.175 ms - 2618[0m

2016-06-25T07:22:38.274Z - info: [0mGET /modules/users/client/img/buttons/paypal.png [32m200 [0m4.115 ms - 5229[0m

2016-06-25T07:24:04.686Z - info: [0mPOST /api/auth/signup [32m200 [0m232.157 ms - 300[0m

2016-06-25T07:24:04.761Z - info: [0mGET /modules/users/client/img/profile/default.png [32m200 [0m15.673 ms - 65838[0m

